<?xml version="1.0" encoding="UTF-8"?>
<!-- Generated by org.testng.reporters.JUnitReportReporter -->
<testsuite hostname="Manul-W" failures="0" tests="6" name="demo.TestNGGroupDemo" time="0.034" errors="0" timestamp="2021-06-15T22:41:29 IST" skipped="0">
  <testcase classname="demo.TestNGGroupDemo" name="test4" time="0.003"/>
  <system-out/>
  <testcase classname="demo.TestNGGroupDemo" name="test5" time="0.003"/>
  <system-out/>
  <testcase classname="demo.TestNGGroupDemo" name="test2" time="0.007"/>
  <system-out/>
  <testcase classname="demo.TestNGGroupDemo" name="test6" time="0.002"/>
  <system-out/>
  <testcase classname="demo.TestNGGroupDemo" name="test3" time="0.008"/>
  <system-out/>
  <testcase classname="demo.TestNGGroupDemo" name="test1" time="0.011"/>
  <system-out/>
</testsuite> <!-- demo.TestNGGroupDemo -->
