<?xml version="1.0" encoding="UTF-8"?>
<!-- Generated by org.testng.reporters.JUnitReportReporter -->
<testsuite hostname="Manul-W" failures="0" tests="1" name="demo.TestNGParameters" time="0.014" errors="0" timestamp="2021-06-16T00:17:22 IST" skipped="0">
  <testcase classname="demo.TestNGParameters" name="test" time="0.014"/>
  <system-out/>
</testsuite> <!-- demo.TestNGParameters -->
