<?xml version="1.0" encoding="UTF-8"?>
<!-- Generated by org.testng.reporters.JUnitReportReporter -->
<testsuite hostname="Manul-W" failures="0" tests="1" name="demo.TestNGIgnoreDemo" time="0.017" errors="0" timestamp="2021-06-16T00:14:16 IST" skipped="0">
  <testcase classname="demo.TestNGIgnoreDemo" name="Test2" time="0.017"/>
  <system-out/>
</testsuite> <!-- demo.TestNGIgnoreDemo -->
