<?xml version="1.0" encoding="UTF-8"?>
<!-- Generated by org.testng.reporters.JUnitReportReporter -->
<testsuite hostname="Manul-W" failures="0" tests="1" name="demo.TestNGParameters" time="0.010" errors="0" timestamp="2021-06-15T23:38:40 IST" skipped="0">
  <testcase classname="demo.TestNGParameters" name="test" time="0.010"/>
  <system-out/>
</testsuite> <!-- demo.TestNGParameters -->
