<?xml version="1.0" encoding="UTF-8"?>
<!-- Generated by org.testng.reporters.JUnitReportReporter -->
<testsuite hostname="Manul-W" failures="0" tests="3" name="demo.TestNGDependency" time="0.023" errors="0" timestamp="2021-06-16T00:02:58 IST" skipped="0">
  <testcase classname="demo.TestNGDependency" name="test2" time="0.018"/>
  <system-out/>
  <testcase classname="demo.TestNGDependency" name="test1" time="0.002"/>
  <system-out/>
  <testcase classname="demo.TestNGDependency" name="test3" time="0.003"/>
  <system-out/>
</testsuite> <!-- demo.TestNGDependency -->
