<?xml version="1.0" encoding="UTF-8"?>
<!-- Generated by org.testng.reporters.JUnitReportReporter -->
<testsuite hostname="Manul-W" failures="0" tests="3" name="demo.TestNGDependency" time="0.019" errors="0" timestamp="2021-06-15T23:57:47 IST" skipped="0">
  <testcase classname="demo.TestNGDependency" name="test1" time="0.001"/>
  <system-out/>
  <testcase classname="demo.TestNGDependency" name="test2" time="0.016"/>
  <system-out/>
  <testcase classname="demo.TestNGDependency" name="test3" time="0.002"/>
  <system-out/>
</testsuite> <!-- demo.TestNGDependency -->
